07:41:35 **** Incremental Build of configuration Nios II for project spi ****
make all 
Info: Building ../spi_bsp/
C:/intelFPGA_lite/18.1/nios2eds/bin/gnu/H-x86_64-mingw32/bin/make --no-print-directory -C ../spi_bsp/
[BSP build complete]
Info: Compiling source.c to obj/default/source.o
nios2-elf-gcc -xc -MP -MMD -c -I../spi_bsp//HAL/inc -I../spi_bsp/ -I../spi_bsp//drivers/inc  -pipe -D__hal__ -DALT_NO_INSTRUCTION_EMULATION -DALT_USE_SMALL_DRIVERS -DALT_SIM_OPTIMIZE -DSMALL_C_LIB -DALT_SINGLE_THREADED    -O0 -g -Wall   -mno-hw-div -mno-hw-mul -mno-hw-mulx -mgpopt=global  -o obj/default/source.o source.c
Info: Linking RUN_ON_HDL_SIMULATOR_ONLY_spi.elf
nios2-elf-g++  -T'../spi_bsp//linker.x' -msys-crt0='../spi_bsp//obj/HAL/src/crt0.o' -msys-lib=hal_bsp -L../spi_bsp/  -msmallc  -Wl,-Map=RUN_ON_HDL_SIMULATOR_ONLY_spi.map   -O0 -g -Wall   -mno-hw-div -mno-hw-mul -mno-hw-mulx -mgpopt=global  -o RUN_ON_HDL_SIMULATOR_ONLY_spi.elf obj/default/source.o -lm -msys-lib=m
nios2-elf-insert RUN_ON_HDL_SIMULATOR_ONLY_spi.elf --thread_model hal --cpu_name nios2_gen2_0 --qsys true --simulation_enabled false --stderr_dev jtag_uart_0 --stdin_dev jtag_uart_0 --stdout_dev jtag_uart_0 --sopc_system_name system --quartus_project_dir "D:/do_an_nhom/SOC_SPI" --jdi ../..//output_files/SOC_SPI.jdi --sopcinfo D:/do_an_nhom/SOC_SPI/software/spi_bsp/../../system.sopcinfo
Info: (RUN_ON_HDL_SIMULATOR_ONLY_spi.elf) 8988 Bytes program size (code + initialized data).
Info:                                     22 KBytes free for stack + heap.
Info: Creating RUN_ON_HDL_SIMULATOR_ONLY_spi.objdump
nios2-elf-objdump --disassemble --syms --all-header --source RUN_ON_HDL_SIMULATOR_ONLY_spi.elf >RUN_ON_HDL_SIMULATOR_ONLY_spi.objdump
[RUN_ON_HDL_SIMULATOR_ONLY_spi build complete]
07:42:01 **** Build of configuration Nios II for project spi ****
make all 
Info: Building ../spi_bsp/
C:/intelFPGA_lite/18.1/nios2eds/bin/gnu/H-x86_64-mingw32/bin/make --no-print-directory -C ../spi_bsp/
[BSP build complete]
[RUN_ON_HDL_SIMULATOR_ONLY_spi build complete]
07:42:03 **** Incremental Build of configuration Nios II for project spi ****
make all 
Info: Building ../spi_bsp/
C:/intelFPGA_lite/18.1/nios2eds/bin/gnu/H-x86_64-mingw32/bin/make --no-print-directory -C ../spi_bsp/
[BSP build complete]
[RUN_ON_HDL_SIMULATOR_ONLY_spi build complete]
